2023-11-11 08:56:02,586 ----------------------------------------------------------------------------------------------------
2023-11-11 08:56:02,590 Model: "SequenceTagger(
  (embeddings): CustomWordEmbeddings()
  (word_dropout): WordDropout(p=0.05)
  (locked_dropout): LockedDropout(p=0.5)
  (embedding2nn): Linear(in_features=100, out_features=100, bias=True)
  (rnn): LSTM(100, 256, batch_first=True, bidirectional=True)
  (linear): Linear(in_features=512, out_features=18, bias=True)
  (loss_function): ViterbiLoss()
  (crf): CRF()
)"
2023-11-11 08:56:02,593 ----------------------------------------------------------------------------------------------------
2023-11-11 08:56:02,596 Corpus: 34989 train + 3888 dev + 4320 test sentences
2023-11-11 08:56:02,599 ----------------------------------------------------------------------------------------------------
2023-11-11 08:56:02,600 Train:  34989 sentences
2023-11-11 08:56:02,604         (train_with_dev=False, train_with_test=False)
2023-11-11 08:56:02,605 ----------------------------------------------------------------------------------------------------
2023-11-11 08:56:02,607 Training Params:
2023-11-11 08:56:02,614  - learning_rate: "0.1" 
2023-11-11 08:56:02,619  - mini_batch_size: "32"
2023-11-11 08:56:02,620  - max_epochs: "10"
2023-11-11 08:56:02,625  - shuffle: "True"
2023-11-11 08:56:02,626 ----------------------------------------------------------------------------------------------------
2023-11-11 08:56:02,627 Plugins:
2023-11-11 08:56:02,629  - AnnealOnPlateau | patience: '3', anneal_factor: '0.5', min_learning_rate: '0.0001'
2023-11-11 08:56:02,630 ----------------------------------------------------------------------------------------------------
2023-11-11 08:56:02,631 Final evaluation on model from best epoch (best-model.pt)
2023-11-11 08:56:02,632  - metric: "('micro avg', 'f1-score')"
2023-11-11 08:56:02,634 ----------------------------------------------------------------------------------------------------
2023-11-11 08:56:02,635 Computation:
2023-11-11 08:56:02,636  - compute on device: cpu
2023-11-11 08:56:02,637  - embedding storage: cpu
2023-11-11 08:56:02,639 ----------------------------------------------------------------------------------------------------
2023-11-11 08:56:02,640 Model training base path: "pos_tagger"
2023-11-11 08:56:02,641 ----------------------------------------------------------------------------------------------------
2023-11-11 08:56:02,642 ----------------------------------------------------------------------------------------------------
2023-11-11 08:56:26,221 epoch 1 - iter 109/1094 - loss 1.16990756 - time (sec): 23.58 - samples/sec: 1852.20 - lr: 0.100000 - momentum: 0.000000
2023-11-11 08:56:47,544 epoch 1 - iter 218/1094 - loss 0.92953326 - time (sec): 44.90 - samples/sec: 1956.43 - lr: 0.100000 - momentum: 0.000000
2023-11-11 08:57:08,368 epoch 1 - iter 327/1094 - loss 0.82157808 - time (sec): 65.72 - samples/sec: 2000.65 - lr: 0.100000 - momentum: 0.000000
2023-11-11 08:57:39,935 epoch 1 - iter 436/1094 - loss 0.75678396 - time (sec): 97.29 - samples/sec: 1794.70 - lr: 0.100000 - momentum: 0.000000
2023-11-11 08:58:02,044 epoch 1 - iter 545/1094 - loss 0.71149865 - time (sec): 119.40 - samples/sec: 1825.46 - lr: 0.100000 - momentum: 0.000000
2023-11-11 08:58:23,263 epoch 1 - iter 654/1094 - loss 0.67983762 - time (sec): 140.62 - samples/sec: 1855.63 - lr: 0.100000 - momentum: 0.000000
2023-11-11 08:58:44,389 epoch 1 - iter 763/1094 - loss 0.65299367 - time (sec): 161.75 - samples/sec: 1883.30 - lr: 0.100000 - momentum: 0.000000
2023-11-11 08:59:05,114 epoch 1 - iter 872/1094 - loss 0.63163936 - time (sec): 182.47 - samples/sec: 1904.70 - lr: 0.100000 - momentum: 0.000000
2023-11-11 08:59:25,989 epoch 1 - iter 981/1094 - loss 0.61309894 - time (sec): 203.35 - samples/sec: 1920.50 - lr: 0.100000 - momentum: 0.000000
2023-11-11 08:59:47,565 epoch 1 - iter 1090/1094 - loss 0.59808752 - time (sec): 224.92 - samples/sec: 1928.36 - lr: 0.100000 - momentum: 0.000000
2023-11-11 08:59:48,210 ----------------------------------------------------------------------------------------------------
2023-11-11 08:59:48,217 EPOCH 1 done: loss 0.5975 - lr: 0.100000
2023-11-11 09:00:04,030 DEV : loss 0.28407585620880127 - f1-score (micro avg)  0.9091
2023-11-11 09:00:04,201  - 0 epochs without improvement
2023-11-11 09:00:04,203 saving best model
2023-11-11 09:00:04,215 ----------------------------------------------------------------------------------------------------
2023-11-11 09:00:27,355 epoch 2 - iter 109/1094 - loss 0.46384721 - time (sec): 23.14 - samples/sec: 1910.73 - lr: 0.100000 - momentum: 0.000000
2023-11-11 09:00:50,942 epoch 2 - iter 218/1094 - loss 0.45374384 - time (sec): 46.73 - samples/sec: 1883.82 - lr: 0.100000 - momentum: 0.000000
2023-11-11 09:01:13,384 epoch 2 - iter 327/1094 - loss 0.44649715 - time (sec): 69.17 - samples/sec: 1896.75 - lr: 0.100000 - momentum: 0.000000
2023-11-11 09:01:41,400 epoch 2 - iter 436/1094 - loss 0.43959657 - time (sec): 97.18 - samples/sec: 1795.89 - lr: 0.100000 - momentum: 0.000000
2023-11-11 09:02:04,793 epoch 2 - iter 545/1094 - loss 0.43798278 - time (sec): 120.58 - samples/sec: 1805.63 - lr: 0.100000 - momentum: 0.000000
2023-11-11 09:02:26,082 epoch 2 - iter 654/1094 - loss 0.43534671 - time (sec): 141.87 - samples/sec: 1836.18 - lr: 0.100000 - momentum: 0.000000
2023-11-11 09:02:49,908 epoch 2 - iter 763/1094 - loss 0.43335522 - time (sec): 165.69 - samples/sec: 1837.42 - lr: 0.100000 - momentum: 0.000000
2023-11-11 09:03:12,520 epoch 2 - iter 872/1094 - loss 0.43153451 - time (sec): 188.30 - samples/sec: 1847.15 - lr: 0.100000 - momentum: 0.000000
2023-11-11 09:03:33,700 epoch 2 - iter 981/1094 - loss 0.42878869 - time (sec): 209.48 - samples/sec: 1865.49 - lr: 0.100000 - momentum: 0.000000
2023-11-11 09:03:54,265 epoch 2 - iter 1090/1094 - loss 0.42681627 - time (sec): 230.05 - samples/sec: 1884.71 - lr: 0.100000 - momentum: 0.000000
2023-11-11 09:03:54,819 ----------------------------------------------------------------------------------------------------
2023-11-11 09:03:54,821 EPOCH 2 done: loss 0.4267 - lr: 0.100000
2023-11-11 09:04:14,804 DEV : loss 0.25052163004875183 - f1-score (micro avg)  0.9203
2023-11-11 09:04:14,978  - 0 epochs without improvement
2023-11-11 09:04:14,981 saving best model
2023-11-11 09:04:14,991 ----------------------------------------------------------------------------------------------------
2023-11-11 09:04:38,010 epoch 3 - iter 109/1094 - loss 0.40208020 - time (sec): 23.02 - samples/sec: 1915.70 - lr: 0.100000 - momentum: 0.000000
2023-11-11 09:05:03,014 epoch 3 - iter 218/1094 - loss 0.39851009 - time (sec): 48.02 - samples/sec: 1831.02 - lr: 0.100000 - momentum: 0.000000
2023-11-11 09:05:25,903 epoch 3 - iter 327/1094 - loss 0.39959716 - time (sec): 70.91 - samples/sec: 1849.70 - lr: 0.100000 - momentum: 0.000000
2023-11-11 09:05:53,588 epoch 3 - iter 436/1094 - loss 0.39864176 - time (sec): 98.59 - samples/sec: 1762.03 - lr: 0.100000 - momentum: 0.000000
2023-11-11 09:06:15,962 epoch 3 - iter 545/1094 - loss 0.39723863 - time (sec): 120.97 - samples/sec: 1792.49 - lr: 0.100000 - momentum: 0.000000
2023-11-11 09:06:37,896 epoch 3 - iter 654/1094 - loss 0.39489376 - time (sec): 142.90 - samples/sec: 1818.95 - lr: 0.100000 - momentum: 0.000000
2023-11-11 09:06:59,441 epoch 3 - iter 763/1094 - loss 0.39243627 - time (sec): 164.45 - samples/sec: 1839.52 - lr: 0.100000 - momentum: 0.000000
2023-11-11 09:07:22,606 epoch 3 - iter 872/1094 - loss 0.39259158 - time (sec): 187.61 - samples/sec: 1843.50 - lr: 0.100000 - momentum: 0.000000
2023-11-11 09:07:45,906 epoch 3 - iter 981/1094 - loss 0.39214908 - time (sec): 210.91 - samples/sec: 1847.93 - lr: 0.100000 - momentum: 0.000000
2023-11-11 09:08:09,466 epoch 3 - iter 1090/1094 - loss 0.39100498 - time (sec): 234.47 - samples/sec: 1849.28 - lr: 0.100000 - momentum: 0.000000
2023-11-11 09:08:10,018 ----------------------------------------------------------------------------------------------------
2023-11-11 09:08:10,020 EPOCH 3 done: loss 0.3910 - lr: 0.100000
2023-11-11 09:08:26,990 DEV : loss 0.2347034513950348 - f1-score (micro avg)  0.9271
2023-11-11 09:08:27,166  - 0 epochs without improvement
2023-11-11 09:08:27,168 saving best model
2023-11-11 09:08:27,180 ----------------------------------------------------------------------------------------------------
2023-11-11 09:08:48,577 epoch 4 - iter 109/1094 - loss 0.37359806 - time (sec): 21.39 - samples/sec: 1981.45 - lr: 0.100000 - momentum: 0.000000
2023-11-11 09:09:10,343 epoch 4 - iter 218/1094 - loss 0.37383083 - time (sec): 43.16 - samples/sec: 1975.30 - lr: 0.100000 - momentum: 0.000000
2023-11-11 09:09:38,376 epoch 4 - iter 327/1094 - loss 0.37852034 - time (sec): 71.19 - samples/sec: 1814.23 - lr: 0.100000 - momentum: 0.000000
2023-11-11 09:10:01,825 epoch 4 - iter 436/1094 - loss 0.37663807 - time (sec): 94.64 - samples/sec: 1819.41 - lr: 0.100000 - momentum: 0.000000
2023-11-11 09:10:27,293 epoch 4 - iter 545/1094 - loss 0.37614075 - time (sec): 120.11 - samples/sec: 1807.13 - lr: 0.100000 - momentum: 0.000000
2023-11-11 09:10:49,069 epoch 4 - iter 654/1094 - loss 0.37670965 - time (sec): 141.89 - samples/sec: 1836.69 - lr: 0.100000 - momentum: 0.000000
2023-11-11 09:11:10,648 epoch 4 - iter 763/1094 - loss 0.37601372 - time (sec): 163.46 - samples/sec: 1853.73 - lr: 0.100000 - momentum: 0.000000
2023-11-11 09:11:32,569 epoch 4 - iter 872/1094 - loss 0.37545974 - time (sec): 185.39 - samples/sec: 1868.89 - lr: 0.100000 - momentum: 0.000000
2023-11-11 09:11:53,538 epoch 4 - iter 981/1094 - loss 0.37445299 - time (sec): 206.35 - samples/sec: 1888.25 - lr: 0.100000 - momentum: 0.000000
2023-11-11 09:12:19,680 epoch 4 - iter 1090/1094 - loss 0.37413499 - time (sec): 232.50 - samples/sec: 1865.13 - lr: 0.100000 - momentum: 0.000000
2023-11-11 09:12:20,286 ----------------------------------------------------------------------------------------------------
2023-11-11 09:12:20,290 EPOCH 4 done: loss 0.3742 - lr: 0.100000
2023-11-11 09:12:40,192 DEV : loss 0.22643281519412994 - f1-score (micro avg)  0.9287
2023-11-11 09:12:40,386  - 0 epochs without improvement
2023-11-11 09:12:40,388 saving best model
2023-11-11 09:12:40,398 ----------------------------------------------------------------------------------------------------
2023-11-11 09:13:03,115 epoch 5 - iter 109/1094 - loss 0.37011375 - time (sec): 22.71 - samples/sec: 1938.11 - lr: 0.100000 - momentum: 0.000000
2023-11-11 09:13:28,766 epoch 5 - iter 218/1094 - loss 0.36725562 - time (sec): 48.36 - samples/sec: 1820.89 - lr: 0.100000 - momentum: 0.000000
2023-11-11 09:13:51,801 epoch 5 - iter 327/1094 - loss 0.36346235 - time (sec): 71.40 - samples/sec: 1833.89 - lr: 0.100000 - momentum: 0.000000
2023-11-11 09:14:15,901 epoch 5 - iter 436/1094 - loss 0.36575930 - time (sec): 95.50 - samples/sec: 1817.52 - lr: 0.100000 - momentum: 0.000000
2023-11-11 09:14:39,670 epoch 5 - iter 545/1094 - loss 0.36468513 - time (sec): 119.27 - samples/sec: 1816.90 - lr: 0.100000 - momentum: 0.000000
2023-11-11 09:15:01,274 epoch 5 - iter 654/1094 - loss 0.36391461 - time (sec): 140.87 - samples/sec: 1842.08 - lr: 0.100000 - momentum: 0.000000
2023-11-11 09:15:24,539 epoch 5 - iter 763/1094 - loss 0.36353138 - time (sec): 164.14 - samples/sec: 1846.71 - lr: 0.100000 - momentum: 0.000000
2023-11-11 09:15:45,970 epoch 5 - iter 872/1094 - loss 0.36352768 - time (sec): 185.57 - samples/sec: 1867.97 - lr: 0.100000 - momentum: 0.000000
2023-11-11 09:16:07,872 epoch 5 - iter 981/1094 - loss 0.36343954 - time (sec): 207.47 - samples/sec: 1877.09 - lr: 0.100000 - momentum: 0.000000
2023-11-11 09:16:31,183 epoch 5 - iter 1090/1094 - loss 0.36320067 - time (sec): 230.78 - samples/sec: 1877.69 - lr: 0.100000 - momentum: 0.000000
2023-11-11 09:16:33,150 ----------------------------------------------------------------------------------------------------
2023-11-11 09:16:33,156 EPOCH 5 done: loss 0.3632 - lr: 0.100000
2023-11-11 09:16:48,897 DEV : loss 0.22073262929916382 - f1-score (micro avg)  0.9298
2023-11-11 09:16:49,183  - 0 epochs without improvement
2023-11-11 09:16:49,189 saving best model
2023-11-11 09:16:49,204 ----------------------------------------------------------------------------------------------------
2023-11-11 09:17:11,820 epoch 6 - iter 109/1094 - loss 0.35853802 - time (sec): 22.61 - samples/sec: 1885.17 - lr: 0.100000 - momentum: 0.000000
2023-11-11 09:17:34,603 epoch 6 - iter 218/1094 - loss 0.35555495 - time (sec): 45.39 - samples/sec: 1889.97 - lr: 0.100000 - momentum: 0.000000
2023-11-11 09:18:01,770 epoch 6 - iter 327/1094 - loss 0.35555282 - time (sec): 72.56 - samples/sec: 1786.98 - lr: 0.100000 - momentum: 0.000000
2023-11-11 09:18:23,828 epoch 6 - iter 436/1094 - loss 0.35623593 - time (sec): 94.62 - samples/sec: 1832.19 - lr: 0.100000 - momentum: 0.000000
2023-11-11 09:18:46,468 epoch 6 - iter 545/1094 - loss 0.35505121 - time (sec): 117.26 - samples/sec: 1845.22 - lr: 0.100000 - momentum: 0.000000
2023-11-11 09:19:08,633 epoch 6 - iter 654/1094 - loss 0.35492186 - time (sec): 139.42 - samples/sec: 1865.52 - lr: 0.100000 - momentum: 0.000000
2023-11-11 09:19:31,159 epoch 6 - iter 763/1094 - loss 0.35449087 - time (sec): 161.95 - samples/sec: 1875.21 - lr: 0.100000 - momentum: 0.000000
2023-11-11 09:19:53,951 epoch 6 - iter 872/1094 - loss 0.35429911 - time (sec): 184.74 - samples/sec: 1876.53 - lr: 0.100000 - momentum: 0.000000
2023-11-11 09:20:18,214 epoch 6 - iter 981/1094 - loss 0.35473737 - time (sec): 209.01 - samples/sec: 1866.91 - lr: 0.100000 - momentum: 0.000000
2023-11-11 09:20:41,048 epoch 6 - iter 1090/1094 - loss 0.35409112 - time (sec): 231.84 - samples/sec: 1870.36 - lr: 0.100000 - momentum: 0.000000
2023-11-11 09:20:41,972 ----------------------------------------------------------------------------------------------------
2023-11-11 09:20:41,975 EPOCH 6 done: loss 0.3542 - lr: 0.100000
2023-11-11 09:21:02,631 DEV : loss 0.21526983380317688 - f1-score (micro avg)  0.9324
2023-11-11 09:21:02,920  - 0 epochs without improvement
2023-11-11 09:21:02,923 saving best model
2023-11-11 09:21:02,943 ----------------------------------------------------------------------------------------------------
2023-11-11 09:21:24,887 epoch 7 - iter 109/1094 - loss 0.33885506 - time (sec): 21.94 - samples/sec: 1957.26 - lr: 0.100000 - momentum: 0.000000
2023-11-11 09:21:47,281 epoch 7 - iter 218/1094 - loss 0.34639188 - time (sec): 44.34 - samples/sec: 1944.68 - lr: 0.100000 - momentum: 0.000000
2023-11-11 09:22:14,101 epoch 7 - iter 327/1094 - loss 0.34733535 - time (sec): 71.16 - samples/sec: 1810.00 - lr: 0.100000 - momentum: 0.000000
2023-11-11 09:22:37,568 epoch 7 - iter 436/1094 - loss 0.34416342 - time (sec): 94.62 - samples/sec: 1822.93 - lr: 0.100000 - momentum: 0.000000
2023-11-11 09:23:00,315 epoch 7 - iter 545/1094 - loss 0.34430062 - time (sec): 117.37 - samples/sec: 1844.55 - lr: 0.100000 - momentum: 0.000000
2023-11-11 09:23:23,177 epoch 7 - iter 654/1094 - loss 0.34582417 - time (sec): 140.23 - samples/sec: 1850.33 - lr: 0.100000 - momentum: 0.000000
2023-11-11 09:23:48,222 epoch 7 - iter 763/1094 - loss 0.34865834 - time (sec): 165.28 - samples/sec: 1837.75 - lr: 0.100000 - momentum: 0.000000
2023-11-11 09:24:09,760 epoch 7 - iter 872/1094 - loss 0.34796784 - time (sec): 186.81 - samples/sec: 1857.00 - lr: 0.100000 - momentum: 0.000000
2023-11-11 09:24:32,260 epoch 7 - iter 981/1094 - loss 0.34824013 - time (sec): 209.31 - samples/sec: 1864.00 - lr: 0.100000 - momentum: 0.000000
2023-11-11 09:24:55,813 epoch 7 - iter 1090/1094 - loss 0.34796282 - time (sec): 232.87 - samples/sec: 1861.80 - lr: 0.100000 - momentum: 0.000000
2023-11-11 09:24:56,825 ----------------------------------------------------------------------------------------------------
2023-11-11 09:24:56,833 EPOCH 7 done: loss 0.3481 - lr: 0.100000
2023-11-11 09:25:12,810 DEV : loss 0.2150903195142746 - f1-score (micro avg)  0.9315
2023-11-11 09:25:13,099  - 1 epochs without improvement
2023-11-11 09:25:13,103 ----------------------------------------------------------------------------------------------------
2023-11-11 09:25:36,646 epoch 8 - iter 109/1094 - loss 0.34173432 - time (sec): 23.54 - samples/sec: 1849.59 - lr: 0.100000 - momentum: 0.000000
2023-11-11 09:26:04,157 epoch 8 - iter 218/1094 - loss 0.34529662 - time (sec): 51.05 - samples/sec: 1710.05 - lr: 0.100000 - momentum: 0.000000
2023-11-11 09:26:28,944 epoch 8 - iter 327/1094 - loss 0.34806850 - time (sec): 75.84 - samples/sec: 1716.30 - lr: 0.100000 - momentum: 0.000000
2023-11-11 09:26:50,651 epoch 8 - iter 436/1094 - loss 0.34903566 - time (sec): 97.54 - samples/sec: 1772.81 - lr: 0.100000 - momentum: 0.000000
2023-11-11 09:27:14,615 epoch 8 - iter 545/1094 - loss 0.34745013 - time (sec): 121.51 - samples/sec: 1778.73 - lr: 0.100000 - momentum: 0.000000
2023-11-11 09:27:37,422 epoch 8 - iter 654/1094 - loss 0.34561540 - time (sec): 144.31 - samples/sec: 1801.12 - lr: 0.100000 - momentum: 0.000000
2023-11-11 09:27:58,588 epoch 8 - iter 763/1094 - loss 0.34379318 - time (sec): 165.48 - samples/sec: 1828.01 - lr: 0.100000 - momentum: 0.000000
2023-11-11 09:28:21,635 epoch 8 - iter 872/1094 - loss 0.34403605 - time (sec): 188.53 - samples/sec: 1839.22 - lr: 0.100000 - momentum: 0.000000
2023-11-11 09:28:44,243 epoch 8 - iter 981/1094 - loss 0.34437594 - time (sec): 211.13 - samples/sec: 1848.02 - lr: 0.100000 - momentum: 0.000000
2023-11-11 09:29:06,287 epoch 8 - iter 1090/1094 - loss 0.34374154 - time (sec): 233.18 - samples/sec: 1859.80 - lr: 0.100000 - momentum: 0.000000
2023-11-11 09:29:07,040 ----------------------------------------------------------------------------------------------------
2023-11-11 09:29:07,045 EPOCH 8 done: loss 0.3437 - lr: 0.100000
2023-11-11 09:29:28,259 DEV : loss 0.2084665298461914 - f1-score (micro avg)  0.9355
2023-11-11 09:29:28,543  - 0 epochs without improvement
2023-11-11 09:29:28,549 saving best model
2023-11-11 09:29:28,565 ----------------------------------------------------------------------------------------------------
2023-11-11 09:29:50,563 epoch 9 - iter 109/1094 - loss 0.34076955 - time (sec): 21.99 - samples/sec: 1970.74 - lr: 0.100000 - momentum: 0.000000
2023-11-11 09:30:20,693 epoch 9 - iter 218/1094 - loss 0.34304226 - time (sec): 52.12 - samples/sec: 1681.09 - lr: 0.100000 - momentum: 0.000000
2023-11-11 09:30:44,662 epoch 9 - iter 327/1094 - loss 0.34393434 - time (sec): 76.09 - samples/sec: 1721.24 - lr: 0.100000 - momentum: 0.000000
2023-11-11 09:31:06,759 epoch 9 - iter 436/1094 - loss 0.34187769 - time (sec): 98.19 - samples/sec: 1772.96 - lr: 0.100000 - momentum: 0.000000
2023-11-11 09:31:31,407 epoch 9 - iter 545/1094 - loss 0.34257013 - time (sec): 122.84 - samples/sec: 1770.35 - lr: 0.100000 - momentum: 0.000000
2023-11-11 09:31:53,567 epoch 9 - iter 654/1094 - loss 0.34121324 - time (sec): 145.00 - samples/sec: 1796.27 - lr: 0.100000 - momentum: 0.000000
2023-11-11 09:32:15,630 epoch 9 - iter 763/1094 - loss 0.34049637 - time (sec): 167.06 - samples/sec: 1817.24 - lr: 0.100000 - momentum: 0.000000
2023-11-11 09:32:38,131 epoch 9 - iter 872/1094 - loss 0.33993946 - time (sec): 189.56 - samples/sec: 1831.28 - lr: 0.100000 - momentum: 0.000000
2023-11-11 09:33:00,329 epoch 9 - iter 981/1094 - loss 0.33886100 - time (sec): 211.76 - samples/sec: 1842.48 - lr: 0.100000 - momentum: 0.000000
2023-11-11 09:33:23,356 epoch 9 - iter 1090/1094 - loss 0.33930013 - time (sec): 234.79 - samples/sec: 1846.49 - lr: 0.100000 - momentum: 0.000000
2023-11-11 09:33:24,500 ----------------------------------------------------------------------------------------------------
2023-11-11 09:33:24,501 EPOCH 9 done: loss 0.3394 - lr: 0.100000
2023-11-11 09:33:40,810 DEV : loss 0.20884999632835388 - f1-score (micro avg)  0.935
2023-11-11 09:33:41,109  - 1 epochs without improvement
2023-11-11 09:33:41,112 ----------------------------------------------------------------------------------------------------
2023-11-11 09:34:05,176 epoch 10 - iter 109/1094 - loss 0.34376266 - time (sec): 24.06 - samples/sec: 1832.26 - lr: 0.100000 - momentum: 0.000000
2023-11-11 09:34:32,160 epoch 10 - iter 218/1094 - loss 0.34525073 - time (sec): 51.05 - samples/sec: 1723.89 - lr: 0.100000 - momentum: 0.000000
2023-11-11 09:34:58,294 epoch 10 - iter 327/1094 - loss 0.34544585 - time (sec): 77.18 - samples/sec: 1702.45 - lr: 0.100000 - momentum: 0.000000
2023-11-11 09:35:21,108 epoch 10 - iter 436/1094 - loss 0.34297990 - time (sec): 99.99 - samples/sec: 1742.73 - lr: 0.100000 - momentum: 0.000000
2023-11-11 09:35:43,655 epoch 10 - iter 545/1094 - loss 0.34202607 - time (sec): 122.54 - samples/sec: 1772.94 - lr: 0.100000 - momentum: 0.000000
2023-11-11 09:36:05,537 epoch 10 - iter 654/1094 - loss 0.34031077 - time (sec): 144.42 - samples/sec: 1801.82 - lr: 0.100000 - momentum: 0.000000
2023-11-11 09:36:27,211 epoch 10 - iter 763/1094 - loss 0.33903419 - time (sec): 166.10 - samples/sec: 1822.81 - lr: 0.100000 - momentum: 0.000000
2023-11-11 09:36:51,914 epoch 10 - iter 872/1094 - loss 0.33897969 - time (sec): 190.80 - samples/sec: 1817.89 - lr: 0.100000 - momentum: 0.000000
2023-11-11 09:37:15,366 epoch 10 - iter 981/1094 - loss 0.33764383 - time (sec): 214.25 - samples/sec: 1821.59 - lr: 0.100000 - momentum: 0.000000
2023-11-11 09:37:37,846 epoch 10 - iter 1090/1094 - loss 0.33698579 - time (sec): 236.73 - samples/sec: 1831.33 - lr: 0.100000 - momentum: 0.000000
2023-11-11 09:37:38,527 ----------------------------------------------------------------------------------------------------
2023-11-11 09:37:38,529 EPOCH 10 done: loss 0.3370 - lr: 0.100000
2023-11-11 09:37:59,228 DEV : loss 0.20708931982517242 - f1-score (micro avg)  0.9358
2023-11-11 09:37:59,396  - 0 epochs without improvement
2023-11-11 09:37:59,398 saving best model
2023-11-11 09:37:59,415 ----------------------------------------------------------------------------------------------------
2023-11-11 09:37:59,418 Loading model from best epoch ...
2023-11-11 09:37:59,476 SequenceTagger predicts: Dictionary with 18 tags: part, n, ppm, v, punc, pron, conj, adj, adv, num, tn, fw, int, abb, sb, O, <START>, <STOP>
2023-11-11 09:38:13,249 
Results:
- F-score (micro) 0.9361
- F-score (macro) 0.8363
- Accuracy 0.9361

By class:
              precision    recall  f1-score   support

        part     0.9632    0.9303    0.9465     13394
           n     0.8705    0.9540    0.9103     10343
         ppm     0.9705    0.9864    0.9784      8510
           v     0.9387    0.9269    0.9328      7597
        punc     0.9968    0.9981    0.9975      5357
        pron     0.9644    0.9592    0.9618      2036
        conj     0.8924    0.9323    0.9119      1744
         adj     0.8390    0.7516    0.7929      1546
         adv     0.8863    0.7032    0.7842      1031
         num     0.8944    0.9202    0.9071       589
          tn     0.9641    0.9164    0.9396       586
          fw     0.7306    0.3422    0.4661       412
         int     0.9091    0.8108    0.8571        74
         abb     1.0000    0.3556    0.5246        45
          sb     0.8667    0.5000    0.6341        26

    accuracy                         0.9361     53290
   macro avg     0.9124    0.7992    0.8363     53290
weighted avg     0.9363    0.9361    0.9347     53290

2023-11-11 09:38:13,251 ----------------------------------------------------------------------------------------------------
f1-score (micro avg)  0.935
2023-11-11 09:33:41,109  - 1 epochs without improvement
2023-11-11 09:33:41,112 ----------------------------------------------------------------------------------------------------
2023-11-11 09:34:05,176 epoch 10 - iter 109/1094 - loss 0.34376266 - time (sec): 24.06 - samples/sec: 1832.26 - lr: 0.100000 - momentum: 0.000000
2023-11-11 09:34:32,160 epoch 10 - iter 218/1094 - loss 0.34525073 - time (sec): 51.05 - samples/sec: 1723.89 - lr: 0.100000 - momentum: 0.000000
2023-11-11 09:34:58,294 epoch 10 - iter 327/1094 - loss 0.34544585 - time (sec): 77.18 - samples/sec: 1702.45 - lr: 0.100000 - momentum: 0.000000
2023-11-11 09:35:21,108 epoch 10 - iter 436/1094 - loss 0.34297990 - time (sec): 99.99 - samples/sec: 1742.73 - lr: 0.100000 - momentum: 0.000000
2023-11-11 09:35:43,655 epoch 10 - iter 545/1094 - loss 0.34202607 - time (sec): 122.54 - samples/sec: 1772.94 - lr: 0.100000 - momentum: 0.000000
2023-11-11 09:36:05,537 epoch 10 - iter 654/1094 - loss 0.34031077 - time (sec): 144.42 - samples/sec: 1801.82 - lr: 0.100000 - momentum: 0.000000
2023-11-11 09:36:27,211 epoch 10 - iter 763/1094 - loss 0.33903419 - time (sec): 166.10 - samples/sec: 1822.81 - lr: 0.100000 - momentum: 0.000000
2023-11-11 09:36:51,914 epoch 10 - iter 872/1094 - loss 0.33897969 - time (sec): 190.80 - samples/sec: 1817.89 - lr: 0.100000 - momentum: 0.000000
2023-11-11 09:37:15,366 epoch 10 - iter 981/1094 - loss 0.33764383 - time (sec): 214.25 - samples/sec: 1821.59 - lr: 0.100000 - momentum: 0.000000
2023-11-11 09:37:37,846 epoch 10 - iter 1090/1094 - loss 0.33698579 - time (sec): 236.73 - samples/sec: 1831.33 - lr: 0.100000 - momentum: 0.000000
2023-11-11 09:37:38,527 ----------------------------------------------------------------------------------------------------
2023-11-11 09:37:38,529 EPOCH 10 done: loss 0.3370 - lr: 0.100000
2023-11-11 09:37:59,228 DEV : loss 0.20708931982517242 - f1-score (micro avg)  0.9358
2023-11-11 09:37:59,396  - 0 epochs without improvement
2023-11-11 09:37:59,398 saving best model
2023-11-11 09:37:59,415 ----------------------------------------------------------------------------------------------------
2023-11-11 09:37:59,418 Loading model from best epoch ...
2023-11-11 09:37:59,476 SequenceTagger predicts: Dictionary with 18 tags: part, n, ppm, v, punc, pron, conj, adj, adv, num, tn, fw, int, abb, sb, O, <START>, <STOP>
2023-11-11 09:38:13,249 
Results:
- F-score (micro) 0.9361
- F-score (macro) 0.8363
- Accuracy 0.9361

By class:
              precision    recall  f1-score   support

        part     0.9632    0.9303    0.9465     13394
           n     0.8705    0.9540    0.9103     10343
         ppm     0.9705    0.9864    0.9784      8510
           v     0.9387    0.9269    0.9328      7597
        punc     0.9968    0.9981    0.9975      5357
        pron     0.9644    0.9592    0.9618      2036
        conj     0.8924    0.9323    0.9119      1744
         adj     0.8390    0.7516    0.7929      1546
         adv     0.8863    0.7032    0.7842      1031
         num     0.8944    0.9202    0.9071       589
          tn     0.9641    0.9164    0.9396       586
          fw     0.7306    0.3422    0.4661       412
         int     0.9091    0.8108    0.8571        74
         abb     1.0000    0.3556    0.5246        45
          sb     0.8667    0.5000    0.6341        26

    accuracy                         0.9361     53290
   macro avg     0.9124    0.7992    0.8363     53290
weighted avg     0.9363    0.9361    0.9347     53290

2023-11-11 09:38:13,251 ----------------------------------------------------------------------------------------------------
2023-11-11 09:38:21,977 SequenceTagger predicts: Dictionary with 18 tags: part, n, ppm, v, punc, pron, conj, adj, adv, num, tn, fw, int, abb, sb, O, <START>, <STOP>
