2023-11-29 05:26:39,255 ----------------------------------------------------------------------------------------------------
2023-11-29 05:26:39,256 Model: "SequenceTagger(
  (embeddings): StackedEmbeddings(
    (list_embedding_0): FlairEmbeddings(
      (lm): LanguageModel(
        (drop): Dropout(p=0.1, inplace=False)
        (encoder): Embedding(173, 100)
        (rnn): LSTM(100, 128)
      )
    )
    (list_embedding_1): FlairEmbeddings(
      (lm): LanguageModel(
        (drop): Dropout(p=0.1, inplace=False)
        (encoder): Embedding(173, 100)
        (rnn): LSTM(100, 128)
      )
    )
  )
  (word_dropout): WordDropout(p=0.05)
  (locked_dropout): LockedDropout(p=0.5)
  (embedding2nn): Linear(in_features=256, out_features=256, bias=True)
  (rnn): LSTM(256, 256, batch_first=True, bidirectional=True)
  (linear): Linear(in_features=512, out_features=19, bias=True)
  (loss_function): ViterbiLoss()
  (crf): CRF()
)"
2023-11-29 05:26:39,259 ----------------------------------------------------------------------------------------------------
2023-11-29 05:26:39,262 Corpus: 34989 train + 3888 dev + 4320 test sentences
2023-11-29 05:26:39,264 ----------------------------------------------------------------------------------------------------
2023-11-29 05:26:39,267 Train:  34989 sentences
2023-11-29 05:26:39,269         (train_with_dev=False, train_with_test=False)
2023-11-29 05:26:39,271 ----------------------------------------------------------------------------------------------------
2023-11-29 05:26:39,273 Training Params:
2023-11-29 05:26:39,277  - learning_rate: "0.1" 
2023-11-29 05:26:39,280  - mini_batch_size: "32"
2023-11-29 05:26:39,281  - max_epochs: "10"
2023-11-29 05:26:39,283  - shuffle: "True"
2023-11-29 05:26:39,284 ----------------------------------------------------------------------------------------------------
2023-11-29 05:26:39,285 Plugins:
2023-11-29 05:26:39,286  - AnnealOnPlateau | patience: '3', anneal_factor: '0.5', min_learning_rate: '0.0001'
2023-11-29 05:26:39,287 ----------------------------------------------------------------------------------------------------
2023-11-29 05:26:39,289 Final evaluation on model from best epoch (best-model.pt)
2023-11-29 05:26:39,290  - metric: "('micro avg', 'f1-score')"
2023-11-29 05:26:39,291 ----------------------------------------------------------------------------------------------------
2023-11-29 05:26:39,292 Computation:
2023-11-29 05:26:39,293  - compute on device: cuda:0
2023-11-29 05:26:39,294  - embedding storage: cpu
2023-11-29 05:26:39,295 ----------------------------------------------------------------------------------------------------
2023-11-29 05:26:39,297 Model training base path: "pos_tagger"
2023-11-29 05:26:39,298 ----------------------------------------------------------------------------------------------------
2023-11-29 05:26:39,299 ----------------------------------------------------------------------------------------------------
2023-11-29 05:26:49,585 epoch 1 - iter 109/1094 - loss 1.36262390 - time (sec): 10.28 - samples/sec: 4228.54 - lr: 0.100000 - momentum: 0.000000
2023-11-29 05:26:59,541 epoch 1 - iter 218/1094 - loss 1.07200458 - time (sec): 20.24 - samples/sec: 4277.59 - lr: 0.100000 - momentum: 0.000000
2023-11-29 05:27:10,426 epoch 1 - iter 327/1094 - loss 0.93317449 - time (sec): 31.12 - samples/sec: 4211.25 - lr: 0.100000 - momentum: 0.000000
2023-11-29 05:27:22,769 epoch 1 - iter 436/1094 - loss 0.85032004 - time (sec): 43.47 - samples/sec: 3996.57 - lr: 0.100000 - momentum: 0.000000
2023-11-29 05:27:33,060 epoch 1 - iter 545/1094 - loss 0.79107346 - time (sec): 53.76 - samples/sec: 4031.65 - lr: 0.100000 - momentum: 0.000000
2023-11-29 05:27:42,747 epoch 1 - iter 654/1094 - loss 0.74594495 - time (sec): 63.45 - samples/sec: 4101.99 - lr: 0.100000 - momentum: 0.000000
2023-11-29 05:27:53,693 epoch 1 - iter 763/1094 - loss 0.71240733 - time (sec): 74.39 - samples/sec: 4079.98 - lr: 0.100000 - momentum: 0.000000
2023-11-29 05:28:04,306 epoch 1 - iter 872/1094 - loss 0.68458014 - time (sec): 85.00 - samples/sec: 4081.90 - lr: 0.100000 - momentum: 0.000000
2023-11-29 05:28:14,909 epoch 1 - iter 981/1094 - loss 0.66171846 - time (sec): 95.61 - samples/sec: 4083.45 - lr: 0.100000 - momentum: 0.000000
2023-11-29 05:28:24,171 epoch 1 - iter 1090/1094 - loss 0.64203378 - time (sec): 104.87 - samples/sec: 4141.22 - lr: 0.100000 - momentum: 0.000000
2023-11-29 05:28:24,564 ----------------------------------------------------------------------------------------------------
2023-11-29 05:28:24,566 EPOCH 1 done: loss 0.6415 - lr: 0.100000
2023-11-29 05:28:41,683 DEV : loss 0.29482945799827576 - f1-score (micro avg)  0.9064
2023-11-29 05:28:41,882  - 0 epochs without improvement
2023-11-29 05:28:41,884 saving best model
2023-11-29 05:28:41,900 ----------------------------------------------------------------------------------------------------
2023-11-29 05:28:49,367 epoch 2 - iter 109/1094 - loss 0.45897452 - time (sec): 7.46 - samples/sec: 5696.78 - lr: 0.100000 - momentum: 0.000000
2023-11-29 05:28:58,053 epoch 2 - iter 218/1094 - loss 0.45638050 - time (sec): 16.15 - samples/sec: 5335.32 - lr: 0.100000 - momentum: 0.000000
2023-11-29 05:29:05,563 epoch 2 - iter 327/1094 - loss 0.45419994 - time (sec): 23.66 - samples/sec: 5490.26 - lr: 0.100000 - momentum: 0.000000
2023-11-29 05:29:14,300 epoch 2 - iter 436/1094 - loss 0.45184167 - time (sec): 32.40 - samples/sec: 5375.75 - lr: 0.100000 - momentum: 0.000000
2023-11-29 05:29:22,599 epoch 2 - iter 545/1094 - loss 0.44761628 - time (sec): 40.70 - samples/sec: 5321.89 - lr: 0.100000 - momentum: 0.000000
2023-11-29 05:29:30,127 epoch 2 - iter 654/1094 - loss 0.44273356 - time (sec): 48.23 - samples/sec: 5404.34 - lr: 0.100000 - momentum: 0.000000
2023-11-29 05:29:38,575 epoch 2 - iter 763/1094 - loss 0.44039905 - time (sec): 56.67 - samples/sec: 5363.61 - lr: 0.100000 - momentum: 0.000000
2023-11-29 05:29:45,928 epoch 2 - iter 872/1094 - loss 0.43747998 - time (sec): 64.03 - samples/sec: 5407.34 - lr: 0.100000 - momentum: 0.000000
2023-11-29 05:29:54,770 epoch 2 - iter 981/1094 - loss 0.43504485 - time (sec): 72.87 - samples/sec: 5352.05 - lr: 0.100000 - momentum: 0.000000
2023-11-29 05:30:03,435 epoch 2 - iter 1090/1094 - loss 0.43279354 - time (sec): 81.53 - samples/sec: 5324.70 - lr: 0.100000 - momentum: 0.000000
2023-11-29 05:30:03,692 ----------------------------------------------------------------------------------------------------
2023-11-29 05:30:03,694 EPOCH 2 done: loss 0.4328 - lr: 0.100000
2023-11-29 05:30:14,619 DEV : loss 0.2526632249355316 - f1-score (micro avg)  0.9192
2023-11-29 05:30:14,960  - 0 epochs without improvement
2023-11-29 05:30:14,965 saving best model
2023-11-29 05:30:14,986 ----------------------------------------------------------------------------------------------------
2023-11-29 05:30:23,131 epoch 3 - iter 109/1094 - loss 0.40923118 - time (sec): 8.14 - samples/sec: 5315.44 - lr: 0.100000 - momentum: 0.000000
2023-11-29 05:30:31,492 epoch 3 - iter 218/1094 - loss 0.40788566 - time (sec): 16.50 - samples/sec: 5224.78 - lr: 0.100000 - momentum: 0.000000
2023-11-29 05:30:38,870 epoch 3 - iter 327/1094 - loss 0.40142819 - time (sec): 23.88 - samples/sec: 5428.17 - lr: 0.100000 - momentum: 0.000000
2023-11-29 05:30:47,539 epoch 3 - iter 436/1094 - loss 0.40251276 - time (sec): 32.55 - samples/sec: 5320.25 - lr: 0.100000 - momentum: 0.000000
2023-11-29 05:30:55,274 epoch 3 - iter 545/1094 - loss 0.40011776 - time (sec): 40.28 - samples/sec: 5377.84 - lr: 0.100000 - momentum: 0.000000
2023-11-29 05:31:03,496 epoch 3 - iter 654/1094 - loss 0.39806790 - time (sec): 48.50 - samples/sec: 5355.52 - lr: 0.100000 - momentum: 0.000000
2023-11-29 05:31:12,507 epoch 3 - iter 763/1094 - loss 0.39690862 - time (sec): 57.51 - samples/sec: 5288.62 - lr: 0.100000 - momentum: 0.000000
2023-11-29 05:31:20,259 epoch 3 - iter 872/1094 - loss 0.39658294 - time (sec): 65.27 - samples/sec: 5328.23 - lr: 0.100000 - momentum: 0.000000
2023-11-29 05:31:29,343 epoch 3 - iter 981/1094 - loss 0.39566744 - time (sec): 74.35 - samples/sec: 5259.29 - lr: 0.100000 - momentum: 0.000000
2023-11-29 05:31:37,429 epoch 3 - iter 1090/1094 - loss 0.39314037 - time (sec): 82.44 - samples/sec: 5267.76 - lr: 0.100000 - momentum: 0.000000
2023-11-29 05:31:37,754 ----------------------------------------------------------------------------------------------------
2023-11-29 05:31:37,757 EPOCH 3 done: loss 0.3929 - lr: 0.100000
2023-11-29 05:31:48,578 DEV : loss 0.23656189441680908 - f1-score (micro avg)  0.9263
2023-11-29 05:31:48,824  - 0 epochs without improvement
2023-11-29 05:31:48,828 saving best model
2023-11-29 05:31:48,858 ----------------------------------------------------------------------------------------------------
2023-11-29 05:31:57,676 epoch 4 - iter 109/1094 - loss 0.38520394 - time (sec): 8.82 - samples/sec: 5004.44 - lr: 0.100000 - momentum: 0.000000
2023-11-29 05:32:06,799 epoch 4 - iter 218/1094 - loss 0.38287326 - time (sec): 17.94 - samples/sec: 4910.48 - lr: 0.100000 - momentum: 0.000000
2023-11-29 05:32:14,146 epoch 4 - iter 327/1094 - loss 0.37729394 - time (sec): 25.29 - samples/sec: 5169.23 - lr: 0.100000 - momentum: 0.000000
2023-11-29 05:32:24,530 epoch 4 - iter 436/1094 - loss 0.37382847 - time (sec): 35.67 - samples/sec: 4867.64 - lr: 0.100000 - momentum: 0.000000
2023-11-29 05:32:33,184 epoch 4 - iter 545/1094 - loss 0.37217174 - time (sec): 44.32 - samples/sec: 4907.93 - lr: 0.100000 - momentum: 0.000000
2023-11-29 05:32:40,809 epoch 4 - iter 654/1094 - loss 0.37097533 - time (sec): 51.95 - samples/sec: 5007.64 - lr: 0.100000 - momentum: 0.000000
2023-11-29 05:32:49,203 epoch 4 - iter 763/1094 - loss 0.37148407 - time (sec): 60.34 - samples/sec: 5030.66 - lr: 0.100000 - momentum: 0.000000
2023-11-29 05:32:56,447 epoch 4 - iter 872/1094 - loss 0.37109948 - time (sec): 67.59 - samples/sec: 5139.25 - lr: 0.100000 - momentum: 0.000000
2023-11-29 05:33:05,067 epoch 4 - iter 981/1094 - loss 0.37025217 - time (sec): 76.21 - samples/sec: 5127.91 - lr: 0.100000 - momentum: 0.000000
2023-11-29 05:33:13,392 epoch 4 - iter 1090/1094 - loss 0.36961818 - time (sec): 84.53 - samples/sec: 5137.29 - lr: 0.100000 - momentum: 0.000000
2023-11-29 05:33:13,770 ----------------------------------------------------------------------------------------------------
2023-11-29 05:33:13,772 EPOCH 4 done: loss 0.3696 - lr: 0.100000
2023-11-29 05:33:24,661 DEV : loss 0.21701253950595856 - f1-score (micro avg)  0.9327
2023-11-29 05:33:24,994  - 0 epochs without improvement
2023-11-29 05:33:24,999 saving best model
2023-11-29 05:33:25,029 ----------------------------------------------------------------------------------------------------
2023-11-29 05:33:33,690 epoch 5 - iter 109/1094 - loss 0.37167474 - time (sec): 8.66 - samples/sec: 5052.04 - lr: 0.100000 - momentum: 0.000000
2023-11-29 05:33:42,346 epoch 5 - iter 218/1094 - loss 0.36514643 - time (sec): 17.31 - samples/sec: 5022.17 - lr: 0.100000 - momentum: 0.000000
2023-11-29 05:33:49,774 epoch 5 - iter 327/1094 - loss 0.35938344 - time (sec): 24.74 - samples/sec: 5285.91 - lr: 0.100000 - momentum: 0.000000
2023-11-29 05:33:58,375 epoch 5 - iter 436/1094 - loss 0.35748123 - time (sec): 33.34 - samples/sec: 5201.07 - lr: 0.100000 - momentum: 0.000000
2023-11-29 05:34:05,976 epoch 5 - iter 545/1094 - loss 0.35607360 - time (sec): 40.94 - samples/sec: 5299.23 - lr: 0.100000 - momentum: 0.000000
2023-11-29 05:34:14,374 epoch 5 - iter 654/1094 - loss 0.35569092 - time (sec): 49.34 - samples/sec: 5277.94 - lr: 0.100000 - momentum: 0.000000
2023-11-29 05:34:23,232 epoch 5 - iter 763/1094 - loss 0.35489421 - time (sec): 58.20 - samples/sec: 5227.18 - lr: 0.100000 - momentum: 0.000000
2023-11-29 05:34:30,671 epoch 5 - iter 872/1094 - loss 0.35433712 - time (sec): 65.64 - samples/sec: 5291.99 - lr: 0.100000 - momentum: 0.000000
2023-11-29 05:34:39,268 epoch 5 - iter 981/1094 - loss 0.35419244 - time (sec): 74.23 - samples/sec: 5267.09 - lr: 0.100000 - momentum: 0.000000
2023-11-29 05:34:46,828 epoch 5 - iter 1090/1094 - loss 0.35330923 - time (sec): 81.79 - samples/sec: 5310.33 - lr: 0.100000 - momentum: 0.000000
2023-11-29 05:34:47,158 ----------------------------------------------------------------------------------------------------
2023-11-29 05:34:47,165 EPOCH 5 done: loss 0.3533 - lr: 0.100000
2023-11-29 05:35:02,236 DEV : loss 0.20653484761714935 - f1-score (micro avg)  0.9368
2023-11-29 05:35:02,591  - 0 epochs without improvement
2023-11-29 05:35:02,594 saving best model
2023-11-29 05:35:02,626 ----------------------------------------------------------------------------------------------------
2023-11-29 05:35:10,375 epoch 6 - iter 109/1094 - loss 0.34616211 - time (sec): 7.75 - samples/sec: 5651.06 - lr: 0.100000 - momentum: 0.000000
2023-11-29 05:35:18,922 epoch 6 - iter 218/1094 - loss 0.34310871 - time (sec): 16.29 - samples/sec: 5321.17 - lr: 0.100000 - momentum: 0.000000
2023-11-29 05:35:26,311 epoch 6 - iter 327/1094 - loss 0.34250808 - time (sec): 23.68 - samples/sec: 5500.75 - lr: 0.100000 - momentum: 0.000000
2023-11-29 05:35:35,219 epoch 6 - iter 436/1094 - loss 0.34356504 - time (sec): 32.59 - samples/sec: 5355.45 - lr: 0.100000 - momentum: 0.000000
2023-11-29 05:35:42,861 epoch 6 - iter 545/1094 - loss 0.34215472 - time (sec): 40.23 - samples/sec: 5396.01 - lr: 0.100000 - momentum: 0.000000
2023-11-29 05:35:50,752 epoch 6 - iter 654/1094 - loss 0.34241886 - time (sec): 48.12 - samples/sec: 5405.51 - lr: 0.100000 - momentum: 0.000000
2023-11-29 05:35:59,436 epoch 6 - iter 763/1094 - loss 0.34218945 - time (sec): 56.81 - samples/sec: 5343.70 - lr: 0.100000 - momentum: 0.000000
2023-11-29 05:36:06,898 epoch 6 - iter 872/1094 - loss 0.34088963 - time (sec): 64.27 - samples/sec: 5398.94 - lr: 0.100000 - momentum: 0.000000
2023-11-29 05:36:15,889 epoch 6 - iter 981/1094 - loss 0.34027034 - time (sec): 73.26 - samples/sec: 5342.12 - lr: 0.100000 - momentum: 0.000000
2023-11-29 05:36:24,194 epoch 6 - iter 1090/1094 - loss 0.33974458 - time (sec): 81.56 - samples/sec: 5325.21 - lr: 0.100000 - momentum: 0.000000
2023-11-29 05:36:24,525 ----------------------------------------------------------------------------------------------------
2023-11-29 05:36:24,528 EPOCH 6 done: loss 0.3398 - lr: 0.100000
2023-11-29 05:36:35,522 DEV : loss 0.20146511495113373 - f1-score (micro avg)  0.9375
2023-11-29 05:36:35,861  - 0 epochs without improvement
2023-11-29 05:36:35,863 saving best model
2023-11-29 05:36:35,887 ----------------------------------------------------------------------------------------------------
2023-11-29 05:36:44,425 epoch 7 - iter 109/1094 - loss 0.32506458 - time (sec): 8.54 - samples/sec: 5027.81 - lr: 0.100000 - momentum: 0.000000
2023-11-29 05:36:53,107 epoch 7 - iter 218/1094 - loss 0.33027289 - time (sec): 17.22 - samples/sec: 5050.57 - lr: 0.100000 - momentum: 0.000000
2023-11-29 05:37:00,593 epoch 7 - iter 327/1094 - loss 0.32880290 - time (sec): 24.70 - samples/sec: 5294.54 - lr: 0.100000 - momentum: 0.000000
2023-11-29 05:37:09,221 epoch 7 - iter 436/1094 - loss 0.32776910 - time (sec): 33.33 - samples/sec: 5225.29 - lr: 0.100000 - momentum: 0.000000
2023-11-29 05:37:16,628 epoch 7 - iter 545/1094 - loss 0.32979546 - time (sec): 40.74 - samples/sec: 5332.82 - lr: 0.100000 - momentum: 0.000000
2023-11-29 05:37:25,185 epoch 7 - iter 654/1094 - loss 0.32965013 - time (sec): 49.30 - samples/sec: 5281.58 - lr: 0.100000 - momentum: 0.000000
2023-11-29 05:37:33,766 epoch 7 - iter 763/1094 - loss 0.32885556 - time (sec): 57.88 - samples/sec: 5251.78 - lr: 0.100000 - momentum: 0.000000
2023-11-29 05:37:41,143 epoch 7 - iter 872/1094 - loss 0.32940577 - time (sec): 65.25 - samples/sec: 5324.82 - lr: 0.100000 - momentum: 0.000000
2023-11-29 05:37:49,939 epoch 7 - iter 981/1094 - loss 0.32991348 - time (sec): 74.05 - samples/sec: 5282.70 - lr: 0.100000 - momentum: 0.000000
2023-11-29 05:37:57,603 epoch 7 - iter 1090/1094 - loss 0.32864971 - time (sec): 81.71 - samples/sec: 5313.87 - lr: 0.100000 - momentum: 0.000000
2023-11-29 05:37:57,939 ----------------------------------------------------------------------------------------------------
2023-11-29 05:37:57,941 EPOCH 7 done: loss 0.3287 - lr: 0.100000
2023-11-29 05:38:09,380 DEV : loss 0.19755591452121735 - f1-score (micro avg)  0.9395
2023-11-29 05:38:09,593  - 0 epochs without improvement
2023-11-29 05:38:09,595 saving best model
2023-11-29 05:38:09,612 ----------------------------------------------------------------------------------------------------
2023-11-29 05:38:17,876 epoch 8 - iter 109/1094 - loss 0.32375892 - time (sec): 8.26 - samples/sec: 5146.07 - lr: 0.100000 - momentum: 0.000000
2023-11-29 05:38:25,665 epoch 8 - iter 218/1094 - loss 0.32695563 - time (sec): 16.05 - samples/sec: 5347.80 - lr: 0.100000 - momentum: 0.000000
2023-11-29 05:38:33,790 epoch 8 - iter 327/1094 - loss 0.32498909 - time (sec): 24.17 - samples/sec: 5341.24 - lr: 0.100000 - momentum: 0.000000
2023-11-29 05:38:42,160 epoch 8 - iter 436/1094 - loss 0.32349983 - time (sec): 32.54 - samples/sec: 5284.97 - lr: 0.100000 - momentum: 0.000000
2023-11-29 05:38:50,051 epoch 8 - iter 545/1094 - loss 0.32348827 - time (sec): 40.44 - samples/sec: 5339.12 - lr: 0.100000 - momentum: 0.000000
2023-11-29 05:38:58,287 epoch 8 - iter 654/1094 - loss 0.32282456 - time (sec): 48.67 - samples/sec: 5315.50 - lr: 0.100000 - momentum: 0.000000
2023-11-29 05:39:06,808 epoch 8 - iter 763/1094 - loss 0.32272330 - time (sec): 57.19 - samples/sec: 5301.99 - lr: 0.100000 - momentum: 0.000000
2023-11-29 05:39:14,935 epoch 8 - iter 872/1094 - loss 0.32194988 - time (sec): 65.32 - samples/sec: 5319.64 - lr: 0.100000 - momentum: 0.000000
2023-11-29 05:39:23,839 epoch 8 - iter 981/1094 - loss 0.32122089 - time (sec): 74.22 - samples/sec: 5273.33 - lr: 0.100000 - momentum: 0.000000
2023-11-29 05:39:31,195 epoch 8 - iter 1090/1094 - loss 0.32101178 - time (sec): 81.58 - samples/sec: 5324.57 - lr: 0.100000 - momentum: 0.000000
2023-11-29 05:39:31,423 ----------------------------------------------------------------------------------------------------
2023-11-29 05:39:31,426 EPOCH 8 done: loss 0.3210 - lr: 0.100000
2023-11-29 05:39:43,283 DEV : loss 0.18913514912128448 - f1-score (micro avg)  0.9421
2023-11-29 05:39:43,480  - 0 epochs without improvement
2023-11-29 05:39:43,481 saving best model
2023-11-29 05:39:43,502 ----------------------------------------------------------------------------------------------------
2023-11-29 05:39:51,860 epoch 9 - iter 109/1094 - loss 0.31627871 - time (sec): 8.36 - samples/sec: 5141.16 - lr: 0.100000 - momentum: 0.000000
2023-11-29 05:39:59,549 epoch 9 - iter 218/1094 - loss 0.31759759 - time (sec): 16.04 - samples/sec: 5385.27 - lr: 0.100000 - momentum: 0.000000
2023-11-29 05:40:08,309 epoch 9 - iter 327/1094 - loss 0.31473363 - time (sec): 24.80 - samples/sec: 5211.26 - lr: 0.100000 - momentum: 0.000000
2023-11-29 05:40:16,671 epoch 9 - iter 436/1094 - loss 0.31540236 - time (sec): 33.17 - samples/sec: 5205.77 - lr: 0.100000 - momentum: 0.000000
2023-11-29 05:40:24,165 epoch 9 - iter 545/1094 - loss 0.31555377 - time (sec): 40.66 - samples/sec: 5308.01 - lr: 0.100000 - momentum: 0.000000
2023-11-29 05:40:32,894 epoch 9 - iter 654/1094 - loss 0.31565978 - time (sec): 49.39 - samples/sec: 5247.23 - lr: 0.100000 - momentum: 0.000000
2023-11-29 05:40:40,694 epoch 9 - iter 763/1094 - loss 0.31506001 - time (sec): 57.19 - samples/sec: 5294.40 - lr: 0.100000 - momentum: 0.000000
2023-11-29 05:40:49,465 epoch 9 - iter 872/1094 - loss 0.31522346 - time (sec): 65.96 - samples/sec: 5255.44 - lr: 0.100000 - momentum: 0.000000
2023-11-29 05:40:58,020 epoch 9 - iter 981/1094 - loss 0.31406697 - time (sec): 74.52 - samples/sec: 5242.11 - lr: 0.100000 - momentum: 0.000000
2023-11-29 05:41:05,441 epoch 9 - iter 1090/1094 - loss 0.31393778 - time (sec): 81.94 - samples/sec: 5301.27 - lr: 0.100000 - momentum: 0.000000
2023-11-29 05:41:05,651 ----------------------------------------------------------------------------------------------------
2023-11-29 05:41:05,653 EPOCH 9 done: loss 0.3139 - lr: 0.100000
2023-11-29 05:41:17,630 DEV : loss 0.18710601329803467 - f1-score (micro avg)  0.9417
2023-11-29 05:41:17,821  - 1 epochs without improvement
2023-11-29 05:41:17,826 ----------------------------------------------------------------------------------------------------
2023-11-29 05:41:26,272 epoch 10 - iter 109/1094 - loss 0.31374987 - time (sec): 8.44 - samples/sec: 5058.02 - lr: 0.100000 - momentum: 0.000000
2023-11-29 05:41:34,010 epoch 10 - iter 218/1094 - loss 0.31357421 - time (sec): 16.18 - samples/sec: 5326.73 - lr: 0.100000 - momentum: 0.000000
2023-11-29 05:41:42,682 epoch 10 - iter 327/1094 - loss 0.31042679 - time (sec): 24.85 - samples/sec: 5207.29 - lr: 0.100000 - momentum: 0.000000
2023-11-29 05:41:50,798 epoch 10 - iter 436/1094 - loss 0.31104852 - time (sec): 32.97 - samples/sec: 5246.14 - lr: 0.100000 - momentum: 0.000000
2023-11-29 05:41:58,847 epoch 10 - iter 545/1094 - loss 0.31120267 - time (sec): 41.02 - samples/sec: 5289.04 - lr: 0.100000 - momentum: 0.000000
2023-11-29 05:42:07,854 epoch 10 - iter 654/1094 - loss 0.31114565 - time (sec): 50.03 - samples/sec: 5218.94 - lr: 0.100000 - momentum: 0.000000
2023-11-29 05:42:15,629 epoch 10 - iter 763/1094 - loss 0.30932742 - time (sec): 57.80 - samples/sec: 5281.77 - lr: 0.100000 - momentum: 0.000000
2023-11-29 05:42:24,579 epoch 10 - iter 872/1094 - loss 0.30941748 - time (sec): 66.75 - samples/sec: 5216.47 - lr: 0.100000 - momentum: 0.000000
2023-11-29 05:42:33,205 epoch 10 - iter 981/1094 - loss 0.30896206 - time (sec): 75.38 - samples/sec: 5187.88 - lr: 0.100000 - momentum: 0.000000
2023-11-29 05:42:41,157 epoch 10 - iter 1090/1094 - loss 0.30820512 - time (sec): 83.33 - samples/sec: 5211.54 - lr: 0.100000 - momentum: 0.000000
2023-11-29 05:42:41,433 ----------------------------------------------------------------------------------------------------
2023-11-29 05:42:41,434 EPOCH 10 done: loss 0.3081 - lr: 0.100000
2023-11-29 05:42:55,599 DEV : loss 0.1849522590637207 - f1-score (micro avg)  0.9433
2023-11-29 05:42:55,791  - 0 epochs without improvement
2023-11-29 05:42:55,792 saving best model
2023-11-29 05:42:55,826 ----------------------------------------------------------------------------------------------------
2023-11-29 05:42:55,832 Loading model from best epoch ...
2023-11-29 05:42:55,849 SequenceTagger predicts: Dictionary with 19 tags: <unk>, part, n, ppm, v, punc, pron, conj, adj, adv, num, tn, fw, int, abb, sb, O, <START>, <STOP>
2023-11-29 05:43:06,314 
Results:
- F-score (micro) 0.9415
- F-score (macro) 0.8643
- Accuracy 0.9415

By class:
              precision    recall  f1-score   support

        part     0.9701    0.9408    0.9552     13532
           n     0.8943    0.9571    0.9247     10430
         ppm     0.9802    0.9819    0.9810      8616
           v     0.9353    0.9233    0.9293      7655
        punc     0.9985    0.9996    0.9991      5386
        pron     0.9562    0.9576    0.9569      2074
        conj     0.8821    0.9366    0.9086      1814
         adj     0.8173    0.6588    0.7295      1650
         adv     0.7181    0.7287    0.7233      1080
         num     0.9984    0.9952    0.9968       630
          tn     0.9457    0.9294    0.9375       581
          fw     0.9962    1.0000    0.9981       263
         int     0.9074    0.8167    0.8596        60
          sb     1.0000    0.7692    0.8696        39
         abb     1.0000    0.1081    0.1951        37

    accuracy                         0.9415     53847
   macro avg     0.9333    0.8469    0.8643     53847
weighted avg     0.9418    0.9415    0.9409     53847

2023-11-29 05:43:06,316 ----------------------------------------------------------------------------------------------------
